INFO:werkzeug:[31m[1mWARNING: This is a development server. Do not use it in a production deployment. Use a production WSGI server instead.[0m
 * Running on all addresses (0.0.0.0)
 * Running on http://127.0.0.1:5000
 * Running on http://172.16.10.155:5000
INFO:werkzeug:[33mPress CTRL+C to quit[0m
INFO:werkzeug: * Restarting with stat
WARNING:werkzeug: * Debugger is active!
INFO:werkzeug: * Debugger PIN: 996-806-985
2023-04-26 16:19:28,122 - __main__ - INFO - Predicted: True, Input Text: Fuck
2023-04-26 16:19:37,531 - __main__ - INFO - Predicted: False, Input Text: Hello
2023-04-26 16:21:48,370 - __main__ - INFO - Predicted: True, Input Text: you are ugly
2023-04-26 16:28:04,989 - __main__ - INFO - Predicted: True, Input Text: Fuck
2023-04-26 16:28:09,377 - __main__ - INFO - Predicted: True, Input Text: Fuck
2023-04-26 16:28:59,322 - __main__ - INFO - Predicted: 1.0, Input Text: Fuck
2023-04-26 16:28:59,325 - __main__ - INFO - Predicted: 1.0, Input Text: Fuck
2023-04-26 16:29:04,608 - __main__ - INFO - Predicted: 1.0, Input Text: Fuck
2023-04-26 16:30:47,047 - __main__ - INFO - Predicted: True, Input Text: Fuck
2023-04-26 16:33:33,826 - __main__ - INFO - Predicted: True, Input Text: Fuck
2023-04-26 16:34:57,481 - __main__ - INFO - Predicted: True, Input Text: Fuck
2023-04-26 16:38:54,031 - __main__ - INFO - Predicted: True, Input Text: Fuck
2023-04-26 16:46:59,598 - __main__ - INFO - Predicted: 1.0, Input Text: Fuck
2023-04-26 16:49:38,068 - __main__ - INFO - Predicted: 1.0, Input Text: Fuck
2023-04-26 16:55:51,629 - __main__ - INFO - Predicted: 1.0, Input Text: Fuck
2023-04-26 17:03:17,691 - __main__ - INFO - Predicted: 1.0, Input Text: Fuck
2023-04-26 17:06:07,103 - __main__ - INFO - Predicted: 1.0, Input Text: Fuck
2023-04-26 17:07:30,498 - __main__ - INFO - Predicted: 1.0, Input Text: Fuck
2023-04-26 17:10:09,759 - __main__ - INFO - Predicted: 1.0, Input Text: Fuck
2023-04-26 17:12:32,244 - __main__ - INFO - Predicted: True, Input Text: Fuck
2023-04-26 17:13:39,958 - __main__ - INFO - Predicted: True, Input Text: Fuck
2023-04-26 17:16:52,498 - __main__ - INFO - Predicted: True, Input Text: Fuck
2023-04-26 17:21:16,954 - __main__ - INFO - Predicted: True, Confidence Score: 1.0, Input Text: Fuck
2023-04-26 17:29:51,056 - __main__ - INFO - Predicted: True, Confidence Score: 1.0, Input Text: Fuck
2023-04-26 17:29:51,059 - __main__ - INFO - Predicted: True, Confidence Score: 1.0, Input Text: Fuck
2023-04-26 17:30:22,633 - __main__ - INFO - Predicted: True, Confidence Score: 1.0, Input Text: Fuck
2023-04-26 17:30:39,915 - __main__ - INFO - Predicted: True, Confidence Score: 1.0, Input Text: Fuck you
2023-04-26 17:31:30,516 - __main__ - INFO - Predicted: True, Confidence Score: 1.0, Input Text: Fuck you
2023-04-26 18:15:29,266 - __main__ - INFO - Predicted: True, Confidence Score: 1.0, Input Text: you are pretty 
2023-04-26 18:15:44,076 - __main__ - INFO - Predicted: True, Confidence Score: 0.868, Input Text: my name is greg 
2023-04-26 18:18:23,847 - __main__ - INFO - Predicted: True, Input Text: my name is greg 
2023-04-26 18:19:58,012 - __main__ - INFO - Predicted: True, Input Text: my name is greg 
2023-04-26 18:20:09,417 - __main__ - INFO - Predicted: False, Input Text: Hello
2023-04-26 18:20:19,199 - __main__ - INFO - Predicted: False, Input Text: Hello how are you 
2023-04-26 18:20:29,788 - __main__ - INFO - Predicted: True, Input Text: my name is greg
2023-04-26 18:20:39,195 - __main__ - INFO - Predicted: True, Input Text: you are nice
2023-04-26 18:20:53,866 - __main__ - INFO - Predicted: False, Input Text: johnny
2023-04-26 18:21:06,076 - __main__ - INFO - Predicted: True, Input Text: my name is john
2023-04-26 18:22:03,843 - __main__ - INFO - Predicted: False, Input Text: John
2023-04-26 18:22:12,763 - __main__ - INFO - Predicted: False, Input Text: Hi John
2023-04-26 18:22:21,429 - __main__ - INFO - Predicted: True, Input Text: My Name is John
2023-04-26 18:22:26,996 - __main__ - INFO - Predicted: True, Input Text: My Name is 
2023-04-26 18:22:35,728 - __main__ - INFO - Predicted: False, Input Text: Yellow
2023-04-26 18:22:43,274 - __main__ - INFO - Predicted: False, Input Text: Yellow is a color
2023-04-26 18:22:54,285 - __main__ - INFO - Predicted: True, Input Text: Hi john, how are you ?
2023-04-26 18:30:36,036 - __main__ - INFO - Predicted: True, Input Text: Fuck
2023-04-26 18:30:44,913 - __main__ - INFO - Predicted: False, Input Text: Hello
2023-04-26 18:32:24,730 - __main__ - INFO - Predicted: True, Input Text: Fuck
2023-04-26 18:32:33,293 - __main__ - INFO - Predicted: True, Input Text: hey
2023-04-26 18:32:37,164 - __main__ - INFO - Predicted: True, Input Text: hey
2023-04-26 18:32:41,792 - __main__ - INFO - Predicted: False, Input Text: hi
2023-04-26 18:39:21,956 - __main__ - INFO - Predicted: True, Input Text: tim is a pussy
2023-04-26 18:39:33,018 - __main__ - INFO - Predicted: False, Input Text: hi david
2023-04-26 18:41:05,444 - __main__ - INFO - Predicted: False, Input Text: hi david
2023-04-26 18:45:11,475 - __main__ - INFO - Predicted: True, Input Text: fuck
2023-04-26 18:45:29,960 - __main__ - INFO - Predicted: True, Input Text: Fuck
2023-04-26 18:45:34,729 - __main__ - INFO - Predicted: False, Input Text: Hi Tim
2023-04-26 18:45:49,173 - __main__ - INFO - Predicted: True, Input Text: fuck 
2023-04-26 18:45:54,960 - __main__ - INFO - Predicted: False, Input Text: love
2023-04-26 18:48:25,689 - __main__ - INFO - Predicted: True, Input Text: Hey
2023-04-26 18:48:30,784 - __main__ - INFO - Predicted: False, Input Text: why
2023-04-26 18:48:39,266 - __main__ - INFO - Predicted: False, Input Text: Hi Hi Hi HI
2023-04-26 18:48:40,171 - __main__ - INFO - Predicted: False, Input Text: Hi Hi Hi HI
2023-04-26 18:48:46,169 - __main__ - INFO - Predicted: False, Input Text: John-Luca
2023-04-26 18:48:51,488 - __main__ - INFO - Predicted: True, Input Text: bitch
2023-04-26 18:50:09,895 - __main__ - INFO - Predicted: True, Input Text: bitch
2023-04-26 18:50:14,201 - __main__ - INFO - Predicted: True, Input Text: hey
2023-04-26 18:50:15,320 - __main__ - INFO - Predicted: True, Input Text: hey
2023-04-26 18:50:18,704 - __main__ - INFO - Predicted: False, Input Text: yo
2023-04-26 18:52:37,421 - __main__ - INFO - Predicted: False, Input Text: H
2023-04-26 18:52:37,545 - __main__ - INFO - Predicted: True, Input Text: He
2023-04-26 18:52:37,626 - __main__ - INFO - Predicted: True, Input Text: Hey
2023-04-26 18:52:38,418 - __main__ - INFO - Predicted: True, Input Text: He
2023-04-26 18:52:38,601 - __main__ - INFO - Predicted: False, Input Text: H
2023-04-26 18:52:38,766 - __main__ - INFO - Predicted: False, Input Text: 
2023-04-26 18:52:39,390 - __main__ - INFO - Predicted: False, Input Text: f
2023-04-26 18:52:39,466 - __main__ - INFO - Predicted: False, Input Text: fu
2023-04-26 18:52:39,587 - __main__ - INFO - Predicted: False, Input Text: fuc
2023-04-26 18:52:39,676 - __main__ - INFO - Predicted: True, Input Text: fuck
2023-04-26 18:52:40,353 - __main__ - INFO - Predicted: False, Input Text: fuc
2023-04-26 18:52:40,521 - __main__ - INFO - Predicted: False, Input Text: fu
2023-04-26 18:52:40,663 - __main__ - INFO - Predicted: False, Input Text: f
2023-04-26 18:52:40,779 - __main__ - INFO - Predicted: False, Input Text: 
2023-04-26 18:53:09,780 - __main__ - INFO - Predicted: False, Input Text: f
2023-04-26 18:53:10,234 - __main__ - INFO - Predicted: False, Input Text: fu
2023-04-26 18:53:10,500 - __main__ - INFO - Predicted: False, Input Text: fuc
2023-04-26 18:53:10,921 - __main__ - INFO - Predicted: True, Input Text: fuck
2023-04-26 18:53:11,819 - __main__ - INFO - Predicted: False, Input Text: fuc
2023-04-26 18:53:12,001 - __main__ - INFO - Predicted: False, Input Text: fu
2023-04-26 18:53:12,148 - __main__ - INFO - Predicted: False, Input Text: f
2023-04-26 18:53:12,310 - __main__ - INFO - Predicted: False, Input Text: 
2023-04-26 18:53:12,991 - __main__ - INFO - Predicted: False, Input Text: h
2023-04-26 18:53:13,103 - __main__ - INFO - Predicted: False, Input Text: hi
2023-04-26 18:53:13,456 - __main__ - INFO - Predicted: False, Input Text: h
2023-04-26 19:00:21,577 - __main__ - INFO - Predicted: False, Input Text: hd
2023-04-26 19:03:40,756 - __main__ - INFO - Predicted: False, Input Text: h
2023-04-26 19:03:40,855 - __main__ - INFO - Predicted: False, Input Text: hi
2023-04-26 19:03:41,462 - __main__ - INFO - Predicted: False, Input Text: h
2023-04-26 19:03:41,624 - __main__ - INFO - Predicted: False, Input Text: 
2023-04-26 19:03:42,902 - __main__ - INFO - Predicted: False, Input Text: f
2023-04-26 19:03:42,969 - __main__ - INFO - Predicted: False, Input Text: fu
2023-04-26 19:03:43,107 - __main__ - INFO - Predicted: False, Input Text: fuc
2023-04-26 19:03:43,165 - __main__ - INFO - Predicted: True, Input Text: fuck
2023-04-26 19:03:43,796 - __main__ - INFO - Predicted: False, Input Text: fuc
2023-04-26 19:03:43,965 - __main__ - INFO - Predicted: False, Input Text: fu
2023-04-26 19:03:44,122 - __main__ - INFO - Predicted: False, Input Text: f
2023-04-26 19:03:44,398 - __main__ - INFO - Predicted: False, Input Text: 
2023-04-26 19:03:46,137 - __main__ - INFO - Predicted: False, Input Text: y
2023-04-26 19:03:46,318 - __main__ - INFO - Predicted: False, Input Text: ye
2023-04-26 19:03:46,447 - __main__ - INFO - Predicted: False, Input Text: yel
2023-04-26 19:03:46,607 - __main__ - INFO - Predicted: False, Input Text: yell
2023-04-26 19:03:46,779 - __main__ - INFO - Predicted: False, Input Text: yello
2023-04-26 19:03:46,863 - __main__ - INFO - Predicted: False, Input Text: yellow
2023-04-26 19:03:47,560 - __main__ - INFO - Predicted: False, Input Text: yello
2023-04-26 19:03:47,720 - __main__ - INFO - Predicted: False, Input Text: yell
2023-04-26 19:03:47,873 - __main__ - INFO - Predicted: False, Input Text: yel
2023-04-26 19:03:47,999 - __main__ - INFO - Predicted: False, Input Text: ye
2023-04-26 19:03:48,132 - __main__ - INFO - Predicted: False, Input Text: y
2023-04-26 19:03:48,258 - __main__ - INFO - Predicted: False, Input Text: 
2023-04-26 19:03:48,878 - __main__ - INFO - Predicted: False, Input Text: b
2023-04-26 19:03:48,957 - __main__ - INFO - Predicted: False, Input Text: bl
2023-04-26 19:03:49,143 - __main__ - INFO - Predicted: False, Input Text: blu
2023-04-26 19:03:49,226 - __main__ - INFO - Predicted: False, Input Text: blue
2023-04-26 19:03:49,613 - __main__ - INFO - Predicted: False, Input Text: blu
2023-04-26 19:03:49,778 - __main__ - INFO - Predicted: False, Input Text: bl
2023-04-26 19:03:49,933 - __main__ - INFO - Predicted: False, Input Text: b
2023-04-26 19:03:50,068 - __main__ - INFO - Predicted: False, Input Text: 
2023-04-26 19:03:51,404 - __main__ - INFO - Predicted: False, Input Text: h
2023-04-26 19:03:51,778 - __main__ - INFO - Predicted: False, Input Text: ho
2023-04-26 19:03:51,886 - __main__ - INFO - Predicted: False, Input Text: how
2023-04-26 19:03:51,970 - __main__ - INFO - Predicted: False, Input Text: how 
2023-04-26 19:03:52,154 - __main__ - INFO - Predicted: False, Input Text: how a
2023-04-26 19:03:52,394 - __main__ - INFO - Predicted: False, Input Text: how ar
2023-04-26 19:03:52,553 - __main__ - INFO - Predicted: True, Input Text: how are
2023-04-26 19:03:52,618 - __main__ - INFO - Predicted: True, Input Text: how are 
2023-04-26 19:03:52,836 - __main__ - INFO - Predicted: True, Input Text: how are u
2023-04-26 19:03:52,948 - __main__ - INFO - Predicted: True, Input Text: how are uo
2023-04-26 19:03:53,461 - __main__ - INFO - Predicted: True, Input Text: how are u
2023-04-26 19:03:53,636 - __main__ - INFO - Predicted: True, Input Text: how are 
2023-04-26 19:03:53,814 - __main__ - INFO - Predicted: True, Input Text: how are
2023-04-26 19:03:54,405 - __main__ - INFO - Predicted: True, Input Text: how are 
2023-04-26 19:03:54,773 - __main__ - INFO - Predicted: True, Input Text: how are y
2023-04-26 19:03:54,938 - __main__ - INFO - Predicted: True, Input Text: how are yo
2023-04-26 19:03:55,024 - __main__ - INFO - Predicted: True, Input Text: how are you
2023-04-26 19:03:55,311 - __main__ - INFO - Predicted: True, Input Text: how are yo
2023-04-26 19:03:55,810 - __main__ - INFO - Predicted: True, Input Text: how are y
2023-04-26 19:03:55,894 - __main__ - INFO - Predicted: True, Input Text: how are 
2023-04-26 19:03:55,977 - __main__ - INFO - Predicted: True, Input Text: how are
2023-04-26 19:03:56,061 - __main__ - INFO - Predicted: False, Input Text: how ar
2023-04-26 19:03:56,144 - __main__ - INFO - Predicted: False, Input Text: how a
2023-04-26 19:03:56,228 - __main__ - INFO - Predicted: False, Input Text: how 
2023-04-26 19:03:56,312 - __main__ - INFO - Predicted: False, Input Text: how
2023-04-26 19:03:56,395 - __main__ - INFO - Predicted: False, Input Text: ho
2023-04-26 19:03:56,629 - __main__ - INFO - Predicted: False, Input Text: h
2023-04-26 19:03:56,969 - __main__ - INFO - Predicted: False, Input Text: 
2023-04-26 19:03:58,140 - __main__ - INFO - Predicted: False, Input Text: a
2023-04-26 19:03:58,579 - __main__ - INFO - Predicted: False, Input Text: ay
2023-04-26 19:03:58,641 - __main__ - INFO - Predicted: False, Input Text: ayo
2023-04-26 19:03:58,994 - __main__ - INFO - Predicted: False, Input Text: ayo 
2023-04-26 19:03:59,867 - __main__ - INFO - Predicted: False, Input Text: ayo o
2023-04-26 19:04:00,174 - __main__ - INFO - Predicted: False, Input Text: ayo oo
2023-04-26 19:04:00,491 - __main__ - INFO - Predicted: False, Input Text: ayo ooo
2023-04-26 19:04:01,246 - __main__ - INFO - Predicted: False, Input Text: ayo oo
2023-04-26 19:04:01,402 - __main__ - INFO - Predicted: False, Input Text: ayo o
2023-04-26 19:04:01,696 - __main__ - INFO - Predicted: False, Input Text: ayo 
2023-04-26 19:04:01,838 - __main__ - INFO - Predicted: False, Input Text: ayo
2023-04-26 19:04:01,980 - __main__ - INFO - Predicted: False, Input Text: ay
2023-04-26 19:04:02,116 - __main__ - INFO - Predicted: False, Input Text: a
2023-04-26 19:04:02,248 - __main__ - INFO - Predicted: False, Input Text: 
2023-04-26 19:04:02,657 - __main__ - INFO - Predicted: False, Input Text: w
2023-04-26 19:04:02,807 - __main__ - INFO - Predicted: False, Input Text: wh
2023-04-26 19:04:02,869 - __main__ - INFO - Predicted: False, Input Text: wha
2023-04-26 19:04:03,086 - __main__ - INFO - Predicted: False, Input Text: what
2023-04-26 19:04:03,298 - __main__ - INFO - Predicted: False, Input Text: whats
2023-04-26 19:04:03,372 - __main__ - INFO - Predicted: False, Input Text: whats 
2023-04-26 19:04:03,597 - __main__ - INFO - Predicted: False, Input Text: whats u
2023-04-26 19:04:03,790 - __main__ - INFO - Predicted: True, Input Text: whats up
2023-04-26 19:04:03,991 - __main__ - INFO - Predicted: True, Input Text: whats up 
2023-04-26 19:04:04,605 - __main__ - INFO - Predicted: True, Input Text: whats up
2023-04-26 19:04:04,785 - __main__ - INFO - Predicted: False, Input Text: whats u
2023-04-26 19:04:04,956 - __main__ - INFO - Predicted: False, Input Text: whats 
2023-04-26 19:04:05,567 - __main__ - INFO - Predicted: False, Input Text: whats
2023-04-26 19:04:05,744 - __main__ - INFO - Predicted: False, Input Text: what
2023-04-26 19:04:05,906 - __main__ - INFO - Predicted: False, Input Text: wha
2023-04-26 19:04:06,044 - __main__ - INFO - Predicted: False, Input Text: wh
2023-04-26 19:04:06,183 - __main__ - INFO - Predicted: False, Input Text: w
2023-04-26 19:04:06,462 - __main__ - INFO - Predicted: False, Input Text: 
2023-04-26 19:04:07,251 - __main__ - INFO - Predicted: False, Input Text: y
2023-04-26 19:04:07,453 - __main__ - INFO - Predicted: False, Input Text: yo
2023-04-26 19:04:07,573 - __main__ - INFO - Predicted: True, Input Text: you
2023-04-26 19:04:07,709 - __main__ - INFO - Predicted: True, Input Text: you 
2023-04-26 19:04:07,868 - __main__ - INFO - Predicted: True, Input Text: you a
2023-04-26 19:04:08,100 - __main__ - INFO - Predicted: True, Input Text: you ar
2023-04-26 19:04:08,281 - __main__ - INFO - Predicted: True, Input Text: you are
2023-04-26 19:04:08,345 - __main__ - INFO - Predicted: True, Input Text: you are 
2023-04-26 19:04:08,545 - __main__ - INFO - Predicted: True, Input Text: you are n
2023-04-26 19:04:08,679 - __main__ - INFO - Predicted: True, Input Text: you are ni
2023-04-26 19:04:08,801 - __main__ - INFO - Predicted: True, Input Text: you are nic
2023-04-26 19:04:09,079 - __main__ - INFO - Predicted: True, Input Text: you are ni
2023-04-26 19:04:09,580 - __main__ - INFO - Predicted: True, Input Text: you are n
2023-04-26 19:04:09,662 - __main__ - INFO - Predicted: True, Input Text: you are 
2023-04-26 19:04:09,744 - __main__ - INFO - Predicted: True, Input Text: you are
2023-04-26 19:04:09,829 - __main__ - INFO - Predicted: True, Input Text: you ar
2023-04-26 19:04:09,913 - __main__ - INFO - Predicted: True, Input Text: you a
2023-04-26 19:04:09,996 - __main__ - INFO - Predicted: True, Input Text: you 
2023-04-26 19:04:10,080 - __main__ - INFO - Predicted: True, Input Text: you
2023-04-26 19:04:10,163 - __main__ - INFO - Predicted: False, Input Text: yo
2023-04-26 19:04:10,246 - __main__ - INFO - Predicted: False, Input Text: y
2023-04-26 19:04:10,325 - __main__ - INFO - Predicted: False, Input Text: 
2023-04-26 19:04:11,120 - __main__ - INFO - Predicted: False, Input Text: y
2023-04-26 19:04:11,273 - __main__ - INFO - Predicted: False, Input Text: yo
2023-04-26 19:04:11,317 - __main__ - INFO - Predicted: True, Input Text: you
2023-04-26 19:04:11,837 - __main__ - INFO - Predicted: False, Input Text: yo
2023-04-26 19:04:12,014 - __main__ - INFO - Predicted: False, Input Text: y
2023-04-26 19:04:12,131 - __main__ - INFO - Predicted: False, Input Text: 
2023-04-26 19:04:14,440 - __main__ - INFO - Predicted: False, Input Text: w
2023-04-26 19:04:14,505 - __main__ - INFO - Predicted: False, Input Text: wo
2023-04-26 19:04:14,627 - __main__ - INFO - Predicted: False, Input Text: wow
2023-04-26 19:04:15,082 - __main__ - INFO - Predicted: False, Input Text: wo
2023-04-26 19:04:15,244 - __main__ - INFO - Predicted: False, Input Text: w
2023-04-26 19:04:15,405 - __main__ - INFO - Predicted: False, Input Text: 
2023-04-26 19:04:16,169 - __main__ - INFO - Predicted: False, Input Text: h
2023-04-26 19:04:16,322 - __main__ - INFO - Predicted: False, Input Text: ho
2023-04-26 19:04:16,415 - __main__ - INFO - Predicted: False, Input Text: how
2023-04-26 19:04:16,501 - __main__ - INFO - Predicted: False, Input Text: how 
2023-04-26 19:04:16,694 - __main__ - INFO - Predicted: False, Input Text: how a
2023-04-26 19:04:16,904 - __main__ - INFO - Predicted: False, Input Text: how ar
2023-04-26 19:04:17,079 - __main__ - INFO - Predicted: True, Input Text: how are
2023-04-26 19:04:17,163 - __main__ - INFO - Predicted: True, Input Text: how are 
2023-04-26 19:04:17,297 - __main__ - INFO - Predicted: True, Input Text: how are w
2023-04-26 19:04:17,775 - __main__ - INFO - Predicted: True, Input Text: how are we
2023-04-26 19:04:18,077 - __main__ - INFO - Predicted: True, Input Text: how are w
2023-04-26 19:04:18,271 - __main__ - INFO - Predicted: True, Input Text: how are 
2023-04-26 19:04:18,445 - __main__ - INFO - Predicted: True, Input Text: how are
2023-04-26 19:04:18,613 - __main__ - INFO - Predicted: False, Input Text: how ar
2023-04-26 19:04:18,763 - __main__ - INFO - Predicted: False, Input Text: how a
2023-04-26 19:04:18,898 - __main__ - INFO - Predicted: False, Input Text: how 
2023-04-26 19:04:19,036 - __main__ - INFO - Predicted: False, Input Text: how
2023-04-26 19:04:19,186 - __main__ - INFO - Predicted: False, Input Text: ho
2023-04-26 19:04:19,304 - __main__ - INFO - Predicted: False, Input Text: h
2023-04-26 19:04:19,463 - __main__ - INFO - Predicted: False, Input Text: 
2023-04-26 19:04:20,003 - __main__ - INFO - Predicted: False, Input Text: s
2023-04-26 19:04:20,249 - __main__ - INFO - Predicted: False, Input Text: sr
2023-04-26 19:04:20,454 - __main__ - INFO - Predicted: False, Input Text: srf
2023-04-26 19:04:20,811 - __main__ - INFO - Predicted: False, Input Text: sr
2023-04-26 19:04:20,952 - __main__ - INFO - Predicted: False, Input Text: s
2023-04-26 19:04:21,098 - __main__ - INFO - Predicted: False, Input Text: st
2023-04-26 19:04:21,403 - __main__ - INFO - Predicted: False, Input Text: stf
2023-04-26 19:04:21,464 - __main__ - INFO - Predicted: False, Input Text: stfu
2023-04-26 19:04:22,148 - __main__ - INFO - Predicted: False, Input Text: stf
2023-04-26 19:04:22,321 - __main__ - INFO - Predicted: False, Input Text: st
2023-04-26 19:04:22,483 - __main__ - INFO - Predicted: False, Input Text: s
2023-04-26 19:04:22,616 - __main__ - INFO - Predicted: False, Input Text: 
2023-04-26 19:04:24,134 - __main__ - INFO - Predicted: False, Input Text: f
2023-04-26 19:04:24,172 - __main__ - INFO - Predicted: False, Input Text: fu
2023-04-26 19:04:24,349 - __main__ - INFO - Predicted: False, Input Text: fuc
2023-04-26 19:04:24,409 - __main__ - INFO - Predicted: True, Input Text: fuck
2023-04-26 19:04:24,968 - __main__ - INFO - Predicted: False, Input Text: fuc
2023-04-26 19:04:25,155 - __main__ - INFO - Predicted: False, Input Text: fu
2023-04-26 19:04:25,335 - __main__ - INFO - Predicted: False, Input Text: f
2023-04-26 19:04:25,590 - __main__ - INFO - Predicted: False, Input Text: 
2023-04-26 19:04:27,355 - __main__ - INFO - Predicted: False, Input Text: W
2023-04-26 19:04:27,408 - __main__ - INFO - Predicted: False, Input Text: WO
2023-04-26 19:04:27,532 - __main__ - INFO - Predicted: False, Input Text: WOW
2023-04-26 19:04:28,063 - __main__ - INFO - Predicted: False, Input Text: WO
2023-04-26 19:04:28,236 - __main__ - INFO - Predicted: False, Input Text: W
2023-04-26 19:04:28,390 - __main__ - INFO - Predicted: False, Input Text: 
2023-04-26 19:04:29,484 - __main__ - INFO - Predicted: False, Input Text: H
2023-04-26 19:04:29,570 - __main__ - INFO - Predicted: True, Input Text: HE
2023-04-26 19:04:29,692 - __main__ - INFO - Predicted: True, Input Text: HEY
2023-04-26 19:04:30,236 - __main__ - INFO - Predicted: True, Input Text: HE
2023-04-26 19:04:30,406 - __main__ - INFO - Predicted: False, Input Text: H
2023-04-26 19:04:30,512 - __main__ - INFO - Predicted: False, Input Text: 
2023-04-26 19:04:31,174 - __main__ - INFO - Predicted: False, Input Text: H
2023-04-26 19:04:31,238 - __main__ - INFO - Predicted: True, Input Text: HE
2023-04-26 19:04:31,423 - __main__ - INFO - Predicted: False, Input Text: HEL
2023-04-26 19:04:31,575 - __main__ - INFO - Predicted: True, Input Text: HELL
2023-04-26 19:04:31,727 - __main__ - INFO - Predicted: True, Input Text: HELLL
2023-04-26 19:04:31,933 - __main__ - INFO - Predicted: True, Input Text: HELLLO
2023-04-26 19:04:32,538 - __main__ - INFO - Predicted: True, Input Text: HELLL
2023-04-26 19:04:32,699 - __main__ - INFO - Predicted: True, Input Text: HELL
2023-04-26 19:04:32,853 - __main__ - INFO - Predicted: False, Input Text: HEL
2023-04-26 19:04:33,421 - __main__ - INFO - Predicted: True, Input Text: HELL
2023-04-26 19:04:34,393 - __main__ - INFO - Predicted: False, Input Text: HELLO
2023-04-26 19:04:36,103 - __main__ - INFO - Predicted: True, Input Text: HELL
2023-04-26 19:04:36,260 - __main__ - INFO - Predicted: False, Input Text: HEL
2023-04-26 19:04:36,426 - __main__ - INFO - Predicted: True, Input Text: HE
2023-04-26 19:04:36,555 - __main__ - INFO - Predicted: False, Input Text: H
2023-04-26 19:04:36,712 - __main__ - INFO - Predicted: False, Input Text: 
2023-04-26 19:04:37,535 - __main__ - INFO - Predicted: False, Input Text: h
2023-04-26 19:04:37,641 - __main__ - INFO - Predicted: True, Input Text: he
2023-04-26 19:04:38,701 - __main__ - INFO - Predicted: False, Input Text: hel
2023-04-26 19:04:39,502 - __main__ - INFO - Predicted: True, Input Text: hell
2023-04-26 19:04:40,181 - __main__ - INFO - Predicted: False, Input Text: hello
2023-04-26 19:04:40,701 - __main__ - INFO - Predicted: True, Input Text: hell
2023-04-26 19:04:40,882 - __main__ - INFO - Predicted: False, Input Text: hel
2023-04-26 19:04:41,036 - __main__ - INFO - Predicted: True, Input Text: he
2023-04-26 19:04:41,150 - __main__ - INFO - Predicted: False, Input Text: h
2023-04-26 19:04:41,280 - __main__ - INFO - Predicted: False, Input Text: 
2023-04-26 19:04:41,936 - __main__ - INFO - Predicted: False, Input Text: H
2023-04-26 19:04:42,088 - __main__ - INFO - Predicted: True, Input Text: HE
2023-04-26 19:04:42,247 - __main__ - INFO - Predicted: False, Input Text: HEL
2023-04-26 19:04:42,397 - __main__ - INFO - Predicted: True, Input Text: HELL
2023-04-26 19:04:42,607 - __main__ - INFO - Predicted: False, Input Text: HELLO
2023-04-26 19:04:43,043 - __main__ - INFO - Predicted: True, Input Text: HELL
2023-04-26 19:04:43,211 - __main__ - INFO - Predicted: False, Input Text: HEL
2023-04-26 19:04:43,343 - __main__ - INFO - Predicted: True, Input Text: HE
2023-04-26 19:04:43,467 - __main__ - INFO - Predicted: False, Input Text: H
2023-04-26 19:04:43,619 - __main__ - INFO - Predicted: False, Input Text: 
2023-04-26 19:10:11,501 - __main__ - INFO - Predicted: False, Input Text: f
2023-04-26 19:10:11,576 - __main__ - INFO - Predicted: False, Input Text: fu
2023-04-26 19:10:11,703 - __main__ - INFO - Predicted: False, Input Text: fuc
2023-04-26 19:10:11,743 - __main__ - INFO - Predicted: True, Input Text: fuck
2023-04-26 19:10:12,725 - __main__ - INFO - Predicted: False, Input Text: fuc
2023-04-26 19:10:12,902 - __main__ - INFO - Predicted: False, Input Text: fu
2023-04-26 19:10:13,068 - __main__ - INFO - Predicted: False, Input Text: f
2023-04-26 19:10:13,215 - __main__ - INFO - Predicted: False, Input Text: 
2023-04-26 19:10:14,811 - __main__ - INFO - Predicted: False, Input Text: f
2023-04-26 19:10:14,933 - __main__ - INFO - Predicted: False, Input Text: fu
2023-04-26 19:10:15,062 - __main__ - INFO - Predicted: False, Input Text: fuc
2023-04-26 19:10:15,127 - __main__ - INFO - Predicted: True, Input Text: fuck
2023-04-26 19:10:15,693 - __main__ - INFO - Predicted: False, Input Text: fuc
2023-04-26 19:10:15,864 - __main__ - INFO - Predicted: False, Input Text: fu
2023-04-26 19:10:16,048 - __main__ - INFO - Predicted: False, Input Text: f
2023-04-26 19:10:16,178 - __main__ - INFO - Predicted: False, Input Text: 
2023-04-26 19:11:51,998 - __main__ - INFO - Predicted: False, Input Text: f
2023-04-26 19:11:52,100 - __main__ - INFO - Predicted: False, Input Text: fu
2023-04-26 19:11:52,235 - __main__ - INFO - Predicted: False, Input Text: fuc
2023-04-26 19:11:52,272 - __main__ - INFO - Predicted: True, Input Text: fuck
2023-04-26 19:11:53,035 - __main__ - INFO - Predicted: True, Input Text: fuck=
2023-04-26 19:11:53,230 - __main__ - INFO - Predicted: True, Input Text: fuck
2023-04-26 19:11:53,384 - __main__ - INFO - Predicted: False, Input Text: fuc
2023-04-26 19:11:53,549 - __main__ - INFO - Predicted: False, Input Text: fu
2023-04-26 19:11:53,700 - __main__ - INFO - Predicted: False, Input Text: f
2023-04-26 19:11:53,850 - __main__ - INFO - Predicted: False, Input Text: 
2023-04-26 19:11:54,896 - __main__ - INFO - Predicted: False, Input Text: d
2023-04-26 19:11:55,197 - __main__ - INFO - Predicted: False, Input Text: da
2023-04-26 19:11:55,344 - __main__ - INFO - Predicted: False, Input Text: dav
2023-04-26 19:11:55,484 - __main__ - INFO - Predicted: False, Input Text: davd
2023-04-26 19:11:55,540 - __main__ - INFO - Predicted: False, Input Text: davdi
2023-04-26 19:11:55,948 - __main__ - INFO - Predicted: False, Input Text: davd
2023-04-26 19:11:56,103 - __main__ - INFO - Predicted: False, Input Text: dav
2023-04-26 19:11:56,244 - __main__ - INFO - Predicted: False, Input Text: da
2023-04-26 19:11:56,378 - __main__ - INFO - Predicted: False, Input Text: d
2023-04-26 19:11:56,521 - __main__ - INFO - Predicted: False, Input Text: 
2023-04-26 19:11:57,178 - __main__ - INFO - Predicted: False, Input Text: h
2023-04-26 19:11:57,306 - __main__ - INFO - Predicted: True, Input Text: he
2023-04-26 19:11:58,147 - __main__ - INFO - Predicted: False, Input Text: hel
2023-04-26 19:11:58,279 - __main__ - INFO - Predicted: True, Input Text: hell
2023-04-26 19:11:58,497 - __main__ - INFO - Predicted: False, Input Text: hello
2023-04-26 19:11:59,128 - __main__ - INFO - Predicted: True, Input Text: hell
2023-04-26 19:11:59,282 - __main__ - INFO - Predicted: False, Input Text: hel
2023-04-26 19:11:59,447 - __main__ - INFO - Predicted: True, Input Text: he
2023-04-26 19:11:59,560 - __main__ - INFO - Predicted: False, Input Text: h
2023-04-26 19:11:59,695 - __main__ - INFO - Predicted: False, Input Text: 
2023-04-26 19:12:00,378 - __main__ - INFO - Predicted: False, Input Text: h
2023-04-26 19:12:00,580 - __main__ - INFO - Predicted: True, Input Text: he
2023-04-26 19:12:00,720 - __main__ - INFO - Predicted: False, Input Text: hel
2023-04-26 19:12:00,844 - __main__ - INFO - Predicted: True, Input Text: hell
2023-04-26 19:12:01,000 - __main__ - INFO - Predicted: False, Input Text: hello
2023-04-26 19:12:01,394 - __main__ - INFO - Predicted: True, Input Text: hell
2023-04-26 19:12:01,562 - __main__ - INFO - Predicted: False, Input Text: hel
2023-04-26 19:12:01,711 - __main__ - INFO - Predicted: True, Input Text: he
2023-04-26 19:12:01,852 - __main__ - INFO - Predicted: False, Input Text: h
2023-04-26 19:12:01,992 - __main__ - INFO - Predicted: False, Input Text: 
2023-04-26 19:12:02,672 - __main__ - INFO - Predicted: False, Input Text: f
2023-04-26 19:12:02,753 - __main__ - INFO - Predicted: False, Input Text: fu
2023-04-26 19:12:02,883 - __main__ - INFO - Predicted: False, Input Text: fuc
2023-04-26 19:12:02,946 - __main__ - INFO - Predicted: True, Input Text: fuck
2023-04-26 19:12:03,510 - __main__ - INFO - Predicted: False, Input Text: fuc
2023-04-26 19:12:03,670 - __main__ - INFO - Predicted: False, Input Text: fu
2023-04-26 19:12:03,841 - __main__ - INFO - Predicted: False, Input Text: f
2023-04-26 19:12:03,978 - __main__ - INFO - Predicted: False, Input Text: 
2023-04-26 19:12:05,309 - __main__ - INFO - Predicted: False, Input Text: y
2023-04-26 19:12:05,362 - __main__ - INFO - Predicted: False, Input Text: yo
2023-04-26 19:12:06,032 - __main__ - INFO - Predicted: False, Input Text: y
2023-04-26 19:12:06,251 - __main__ - INFO - Predicted: False, Input Text: 
2023-04-26 19:12:06,586 - __main__ - INFO - Predicted: False, Input Text: w
2023-04-26 19:12:06,691 - __main__ - INFO - Predicted: False, Input Text: wh
2023-04-26 19:12:06,801 - __main__ - INFO - Predicted: False, Input Text: wha
2023-04-26 19:12:07,020 - __main__ - INFO - Predicted: False, Input Text: what
2023-04-26 19:12:07,249 - __main__ - INFO - Predicted: False, Input Text: whats
2023-04-26 19:12:07,335 - __main__ - INFO - Predicted: False, Input Text: whats 
2023-04-26 19:12:07,479 - __main__ - INFO - Predicted: False, Input Text: whats u
2023-04-26 19:12:07,625 - __main__ - INFO - Predicted: True, Input Text: whats up
2023-04-26 19:12:07,755 - __main__ - INFO - Predicted: True, Input Text: whats up 
2023-04-26 19:12:08,120 - __main__ - INFO - Predicted: True, Input Text: whats up
2023-04-26 19:12:08,294 - __main__ - INFO - Predicted: False, Input Text: whats u
2023-04-26 19:12:08,464 - __main__ - INFO - Predicted: False, Input Text: whats 
2023-04-26 19:12:08,577 - __main__ - INFO - Predicted: False, Input Text: whats
2023-04-26 19:12:08,725 - __main__ - INFO - Predicted: False, Input Text: what
2023-04-26 19:12:08,869 - __main__ - INFO - Predicted: False, Input Text: wha
2023-04-26 19:12:08,990 - __main__ - INFO - Predicted: False, Input Text: wh
2023-04-26 19:12:09,150 - __main__ - INFO - Predicted: False, Input Text: w
2023-04-26 19:12:09,286 - __main__ - INFO - Predicted: False, Input Text: 
2023-04-26 19:12:10,482 - __main__ - INFO - Predicted: False, Input Text: f
2023-04-26 19:12:10,575 - __main__ - INFO - Predicted: False, Input Text: fu
2023-04-26 19:12:10,692 - __main__ - INFO - Predicted: False, Input Text: fuc
2023-04-26 19:12:10,779 - __main__ - INFO - Predicted: True, Input Text: fuck
2023-04-26 19:12:10,882 - __main__ - INFO - Predicted: True, Input Text: fuck 
2023-04-26 19:12:11,165 - __main__ - INFO - Predicted: True, Input Text: fuck y
2023-04-26 19:12:11,188 - __main__ - INFO - Predicted: True, Input Text: fuck yu
2023-04-26 19:12:11,273 - __main__ - INFO - Predicted: True, Input Text: fuck yuo
2023-04-26 19:12:11,469 - __main__ - INFO - Predicted: True, Input Text: fuck yuo 
2023-04-26 19:12:11,718 - __main__ - INFO - Predicted: True, Input Text: fuck yuo
2023-04-26 19:12:11,900 - __main__ - INFO - Predicted: True, Input Text: fuck yu
2023-04-26 19:12:12,036 - __main__ - INFO - Predicted: True, Input Text: fuck y
2023-04-26 19:12:12,154 - __main__ - INFO - Predicted: True, Input Text: fuck 
2023-04-26 19:12:12,554 - __main__ - INFO - Predicted: True, Input Text: fuck
2023-04-26 19:12:12,715 - __main__ - INFO - Predicted: False, Input Text: fuc
2023-04-26 19:12:13,012 - __main__ - INFO - Predicted: False, Input Text: fu
2023-04-26 19:12:13,179 - __main__ - INFO - Predicted: False, Input Text: f
2023-04-26 19:12:13,306 - __main__ - INFO - Predicted: False, Input Text: 
2023-04-26 19:12:14,610 - __main__ - INFO - Predicted: False, Input Text: w
2023-04-26 19:12:14,655 - __main__ - INFO - Predicted: False, Input Text: wo
2023-04-26 19:12:14,799 - __main__ - INFO - Predicted: False, Input Text: wow
2023-04-26 19:12:15,643 - __main__ - INFO - Predicted: False, Input Text: wo
2023-04-26 19:12:15,817 - __main__ - INFO - Predicted: False, Input Text: w
2023-04-26 19:12:15,965 - __main__ - INFO - Predicted: False, Input Text: 
2023-04-28 15:56:55,007 - __main__ - INFO - Predicted: False, Input Text: t
2023-04-28 15:56:55,331 - __main__ - INFO - Predicted: False, Input Text: ti
2023-04-28 15:56:55,453 - __main__ - INFO - Predicted: False, Input Text: tim
2023-04-28 15:56:56,007 - __main__ - INFO - Predicted: False, Input Text: ti
2023-04-28 15:56:56,162 - __main__ - INFO - Predicted: False, Input Text: t
2023-04-28 15:56:56,317 - __main__ - INFO - Predicted: False, Input Text: 
2023-04-28 15:56:57,153 - __main__ - INFO - Predicted: False, Input Text: f
2023-04-28 15:56:57,220 - __main__ - INFO - Predicted: False, Input Text: fu
2023-04-28 15:56:57,343 - __main__ - INFO - Predicted: False, Input Text: fuc
2023-04-28 15:56:57,382 - __main__ - INFO - Predicted: True, Input Text: fuck
2023-04-28 15:56:57,972 - __main__ - INFO - Predicted: False, Input Text: fuc
2023-04-28 15:56:58,175 - __main__ - INFO - Predicted: False, Input Text: fu
2023-04-28 15:56:58,315 - __main__ - INFO - Predicted: False, Input Text: f
2023-04-28 15:56:58,479 - __main__ - INFO - Predicted: False, Input Text: 
2023-04-28 15:56:59,672 - __main__ - INFO - Predicted: False, Input Text: h
2023-04-28 15:56:59,715 - __main__ - INFO - Predicted: True, Input Text: he
2023-04-28 15:56:59,849 - __main__ - INFO - Predicted: True, Input Text: hey
2023-04-28 15:57:00,002 - __main__ - INFO - Predicted: True, Input Text: hey 
2023-04-28 15:57:00,596 - __main__ - INFO - Predicted: True, Input Text: hey
2023-04-28 15:57:00,768 - __main__ - INFO - Predicted: True, Input Text: he
2023-04-28 15:57:00,929 - __main__ - INFO - Predicted: False, Input Text: h
2023-04-28 15:57:02,517 - __main__ - INFO - Predicted: True, Input Text: he
2023-04-28 15:57:02,637 - __main__ - INFO - Predicted: False, Input Text: hel
2023-04-28 15:57:02,778 - __main__ - INFO - Predicted: True, Input Text: hell
2023-04-28 15:57:03,060 - __main__ - INFO - Predicted: False, Input Text: hello
2023-04-28 15:57:03,784 - __main__ - INFO - Predicted: True, Input Text: hell
2023-04-28 15:57:03,948 - __main__ - INFO - Predicted: False, Input Text: hel
2023-04-28 15:57:04,107 - __main__ - INFO - Predicted: True, Input Text: he
2023-04-28 15:57:04,277 - __main__ - INFO - Predicted: False, Input Text: h
2023-04-28 15:57:04,449 - __main__ - INFO - Predicted: False, Input Text: 
2023-04-28 15:57:05,289 - __main__ - INFO - Predicted: False, Input Text: h
2023-04-28 15:57:05,428 - __main__ - INFO - Predicted: True, Input Text: he
2023-04-28 15:57:05,619 - __main__ - INFO - Predicted: False, Input Text: hel
2023-04-28 15:57:05,759 - __main__ - INFO - Predicted: True, Input Text: hell
2023-04-28 15:57:06,140 - __main__ - INFO - Predicted: False, Input Text: hello
2023-04-28 15:57:06,582 - __main__ - INFO - Predicted: True, Input Text: hell
2023-04-28 15:57:06,744 - __main__ - INFO - Predicted: False, Input Text: hel
2023-04-28 15:57:06,905 - __main__ - INFO - Predicted: True, Input Text: he
2023-04-28 15:57:07,043 - __main__ - INFO - Predicted: False, Input Text: h
2023-04-28 15:57:07,200 - __main__ - INFO - Predicted: False, Input Text: 
2023-04-28 15:57:07,802 - __main__ - INFO - Predicted: False, Input Text: T
2023-04-28 15:57:07,923 - __main__ - INFO - Predicted: False, Input Text: Ti
2023-04-28 15:57:08,062 - __main__ - INFO - Predicted: False, Input Text: Tim
2023-04-28 15:57:08,495 - __main__ - INFO - Predicted: False, Input Text: Ti
2023-04-28 15:57:08,679 - __main__ - INFO - Predicted: False, Input Text: T
2023-04-28 15:57:08,834 - __main__ - INFO - Predicted: False, Input Text: 
2023-04-28 15:57:35,432 - __main__ - INFO - Predicted: False, Input Text: T
2023-04-28 15:57:35,691 - __main__ - INFO - Predicted: False, Input Text: Ti
2023-04-28 15:57:35,864 - __main__ - INFO - Predicted: False, Input Text: Tij
2023-04-28 15:57:36,346 - __main__ - INFO - Predicted: False, Input Text: Ti
2023-04-28 15:57:36,605 - __main__ - INFO - Predicted: False, Input Text: Tim
2023-04-28 15:57:36,795 - __main__ - INFO - Predicted: False, Input Text: Tim 
2023-04-28 15:57:37,228 - __main__ - INFO - Predicted: False, Input Text: Tim y
2023-04-28 15:57:37,406 - __main__ - INFO - Predicted: False, Input Text: Tim yo
2023-04-28 15:57:37,595 - __main__ - INFO - Predicted: True, Input Text: Tim you
2023-04-28 15:57:37,753 - __main__ - INFO - Predicted: True, Input Text: Tim your
2023-04-28 15:57:37,869 - __main__ - INFO - Predicted: True, Input Text: Tim your 
2023-04-28 15:57:38,167 - __main__ - INFO - Predicted: True, Input Text: Tim your p
2023-04-28 15:57:38,568 - __main__ - INFO - Predicted: True, Input Text: Tim your po
2023-04-28 15:57:39,434 - __main__ - INFO - Predicted: True, Input Text: Tim your p
2023-04-28 15:57:39,556 - __main__ - INFO - Predicted: True, Input Text: Tim your pr
2023-04-28 15:57:39,705 - __main__ - INFO - Predicted: True, Input Text: Tim your pro
2023-04-28 15:57:39,804 - __main__ - INFO - Predicted: True, Input Text: Tim your proj
2023-04-28 15:57:39,933 - __main__ - INFO - Predicted: True, Input Text: Tim your proje
2023-04-28 15:57:40,129 - __main__ - INFO - Predicted: True, Input Text: Tim your projec
2023-04-28 15:57:40,329 - __main__ - INFO - Predicted: True, Input Text: Tim your project
2023-04-28 15:57:40,371 - __main__ - INFO - Predicted: True, Input Text: Tim your project 
2023-04-28 15:57:40,569 - __main__ - INFO - Predicted: True, Input Text: Tim your project m
2023-04-28 15:57:40,697 - __main__ - INFO - Predicted: True, Input Text: Tim your project ma
2023-04-28 15:57:40,800 - __main__ - INFO - Predicted: True, Input Text: Tim your project mak
2023-04-28 15:57:40,915 - __main__ - INFO - Predicted: True, Input Text: Tim your project make
2023-04-28 15:57:41,085 - __main__ - INFO - Predicted: True, Input Text: Tim your project makes
2023-04-28 15:57:41,145 - __main__ - INFO - Predicted: True, Input Text: Tim your project makes 
2023-04-28 15:57:41,338 - __main__ - INFO - Predicted: True, Input Text: Tim your project makes m
2023-04-28 15:57:41,427 - __main__ - INFO - Predicted: True, Input Text: Tim your project makes me
2023-04-28 15:57:41,526 - __main__ - INFO - Predicted: True, Input Text: Tim your project makes me 
2023-04-28 15:57:42,236 - __main__ - INFO - Predicted: True, Input Text: Tim your project makes me a
2023-04-28 15:57:42,334 - __main__ - INFO - Predicted: True, Input Text: Tim your project makes me an
2023-04-28 15:57:42,578 - __main__ - INFO - Predicted: True, Input Text: Tim your project makes me ang
2023-04-28 15:57:42,671 - __main__ - INFO - Predicted: True, Input Text: Tim your project makes me angr
2023-04-28 15:57:42,773 - __main__ - INFO - Predicted: True, Input Text: Tim your project makes me angry
2023-04-28 15:57:42,889 - __main__ - INFO - Predicted: True, Input Text: Tim your project makes me angry 
2023-04-28 15:57:51,065 - __main__ - INFO - Predicted: True, Input Text: Tim your project makes me angry
2023-04-28 15:57:51,563 - __main__ - INFO - Predicted: True, Input Text: Tim your project makes me angr
2023-04-28 15:57:51,646 - __main__ - INFO - Predicted: True, Input Text: Tim your project makes me ang
2023-04-28 15:57:51,731 - __main__ - INFO - Predicted: True, Input Text: Tim your project makes me an
2023-04-28 15:57:51,815 - __main__ - INFO - Predicted: True, Input Text: Tim your project makes me a
2023-04-28 15:57:51,897 - __main__ - INFO - Predicted: True, Input Text: Tim your project makes me 
2023-04-28 15:57:51,981 - __main__ - INFO - Predicted: True, Input Text: Tim your project makes me
2023-04-28 15:57:52,067 - __main__ - INFO - Predicted: True, Input Text: Tim your project makes m
2023-04-28 15:57:52,149 - __main__ - INFO - Predicted: True, Input Text: Tim your project makes 
2023-04-28 15:57:52,234 - __main__ - INFO - Predicted: True, Input Text: Tim your project makes
2023-04-28 15:57:52,318 - __main__ - INFO - Predicted: True, Input Text: Tim your project make
2023-04-28 15:57:52,398 - __main__ - INFO - Predicted: True, Input Text: Tim your project mak
2023-04-28 15:57:52,484 - __main__ - INFO - Predicted: True, Input Text: Tim your project ma
2023-04-28 15:57:52,568 - __main__ - INFO - Predicted: True, Input Text: Tim your project m
2023-04-28 15:57:52,653 - __main__ - INFO - Predicted: True, Input Text: Tim your project 
2023-04-28 15:57:52,737 - __main__ - INFO - Predicted: True, Input Text: Tim your project
2023-04-28 15:57:52,821 - __main__ - INFO - Predicted: True, Input Text: Tim your projec
2023-04-28 15:57:52,903 - __main__ - INFO - Predicted: True, Input Text: Tim your proje
2023-04-28 15:57:52,988 - __main__ - INFO - Predicted: True, Input Text: Tim your proj
2023-04-28 15:57:53,070 - __main__ - INFO - Predicted: True, Input Text: Tim your pro
2023-04-28 15:57:53,155 - __main__ - INFO - Predicted: True, Input Text: Tim your pr
2023-04-28 15:57:53,239 - __main__ - INFO - Predicted: True, Input Text: Tim your p
2023-04-28 15:57:53,322 - __main__ - INFO - Predicted: True, Input Text: Tim your 
2023-04-28 15:57:53,408 - __main__ - INFO - Predicted: True, Input Text: Tim your
2023-04-28 15:57:53,491 - __main__ - INFO - Predicted: True, Input Text: Tim you
2023-04-28 15:57:53,575 - __main__ - INFO - Predicted: False, Input Text: Tim yo
2023-04-28 15:57:53,655 - __main__ - INFO - Predicted: False, Input Text: Tim y
2023-04-28 15:57:53,741 - __main__ - INFO - Predicted: False, Input Text: Tim 
2023-04-28 15:57:53,826 - __main__ - INFO - Predicted: False, Input Text: Tim
2023-04-28 15:57:53,911 - __main__ - INFO - Predicted: False, Input Text: Ti
2023-04-28 15:57:53,994 - __main__ - INFO - Predicted: False, Input Text: T
2023-04-28 15:57:54,077 - __main__ - INFO - Predicted: False, Input Text: 
2023-04-28 15:57:54,915 - __main__ - INFO - Predicted: False, Input Text: d
2023-04-28 15:57:55,135 - __main__ - INFO - Predicted: False, Input Text: da
2023-04-28 15:57:55,215 - __main__ - INFO - Predicted: False, Input Text: dav
2023-04-28 15:57:55,396 - __main__ - INFO - Predicted: False, Input Text: davi
2023-04-28 15:57:55,497 - __main__ - INFO - Predicted: False, Input Text: david
2023-04-28 15:57:55,588 - __main__ - INFO - Predicted: False, Input Text: david 
2023-04-28 15:57:55,907 - __main__ - INFO - Predicted: False, Input Text: david h
2023-04-28 15:57:56,019 - __main__ - INFO - Predicted: False, Input Text: david ha
2023-04-28 15:57:56,202 - __main__ - INFO - Predicted: False, Input Text: david has
2023-04-28 15:57:56,281 - __main__ - INFO - Predicted: False, Input Text: david has 
2023-04-28 15:57:56,426 - __main__ - INFO - Predicted: False, Input Text: david has a
2023-04-28 15:57:56,507 - __main__ - INFO - Predicted: False, Input Text: david has a 
2023-04-28 15:57:56,642 - __main__ - INFO - Predicted: False, Input Text: david has a s
2023-04-28 15:57:56,731 - __main__ - INFO - Predicted: False, Input Text: david has a sm
2023-04-28 15:57:56,885 - __main__ - INFO - Predicted: False, Input Text: david has a sma
2023-04-28 15:57:56,989 - __main__ - INFO - Predicted: False, Input Text: david has a smal
2023-04-28 15:57:57,127 - __main__ - INFO - Predicted: False, Input Text: david has a small
2023-04-28 15:57:57,225 - __main__ - INFO - Predicted: False, Input Text: david has a small 
2023-04-28 15:57:57,596 - __main__ - INFO - Predicted: False, Input Text: david has a small f
2023-04-28 15:57:57,682 - __main__ - INFO - Predicted: False, Input Text: david has a small fi
2023-04-28 15:57:58,191 - __main__ - INFO - Predicted: False, Input Text: david has a small f
2023-04-28 15:57:58,329 - __main__ - INFO - Predicted: False, Input Text: david has a small 
2023-04-28 15:57:58,484 - __main__ - INFO - Predicted: False, Input Text: david has a small d
2023-04-28 15:57:58,596 - __main__ - INFO - Predicted: False, Input Text: david has a small di
2023-04-28 15:57:58,691 - __main__ - INFO - Predicted: False, Input Text: david has a small dic
2023-04-28 15:57:58,772 - __main__ - INFO - Predicted: True, Input Text: david has a small dick
2023-04-28 15:57:59,002 - __main__ - INFO - Predicted: False, Input Text: david has a small dic
2023-04-28 15:57:59,503 - __main__ - INFO - Predicted: False, Input Text: david has a small di
2023-04-28 15:57:59,588 - __main__ - INFO - Predicted: False, Input Text: david has a small d
2023-04-28 15:57:59,669 - __main__ - INFO - Predicted: False, Input Text: david has a small 
2023-04-28 15:57:59,753 - __main__ - INFO - Predicted: False, Input Text: david has a small
2023-04-28 15:57:59,838 - __main__ - INFO - Predicted: False, Input Text: david has a smal
2023-04-28 15:57:59,921 - __main__ - INFO - Predicted: False, Input Text: david has a sma
2023-04-28 15:58:00,003 - __main__ - INFO - Predicted: False, Input Text: david has a sm
2023-04-28 15:58:00,086 - __main__ - INFO - Predicted: False, Input Text: david has a s
2023-04-28 15:58:00,171 - __main__ - INFO - Predicted: False, Input Text: david has a 
2023-04-28 15:58:00,256 - __main__ - INFO - Predicted: False, Input Text: david has a
2023-04-28 15:58:00,341 - __main__ - INFO - Predicted: False, Input Text: david has 
2023-04-28 15:58:00,423 - __main__ - INFO - Predicted: False, Input Text: david has
2023-04-28 15:58:00,508 - __main__ - INFO - Predicted: False, Input Text: david ha
2023-04-28 15:58:00,593 - __main__ - INFO - Predicted: False, Input Text: david h
2023-04-28 15:58:00,676 - __main__ - INFO - Predicted: False, Input Text: david 
2023-04-28 15:58:00,757 - __main__ - INFO - Predicted: False, Input Text: david
2023-04-28 15:58:00,841 - __main__ - INFO - Predicted: False, Input Text: davi
2023-04-28 15:58:00,927 - __main__ - INFO - Predicted: False, Input Text: dav
2023-04-28 15:58:01,010 - __main__ - INFO - Predicted: False, Input Text: da
2023-04-28 15:58:01,094 - __main__ - INFO - Predicted: False, Input Text: d
2023-04-28 15:58:01,178 - __main__ - INFO - Predicted: False, Input Text: 
2023-04-28 15:58:43,017 - __main__ - INFO - Predicted: False, Input Text: h
2023-04-28 15:58:43,042 - __main__ - INFO - Predicted: True, Input Text: he
2023-04-28 15:58:43,189 - __main__ - INFO - Predicted: False, Input Text: hel
2023-04-28 15:58:43,300 - __main__ - INFO - Predicted: True, Input Text: hell
2023-04-28 15:58:43,661 - __main__ - INFO - Predicted: False, Input Text: hello
2023-04-28 15:58:44,971 - __main__ - INFO - Predicted: True, Input Text: hell
2023-04-28 15:58:46,486 - __main__ - INFO - Predicted: False, Input Text: hello
2023-04-28 15:58:47,865 - __main__ - INFO - Predicted: True, Input Text: hell
2023-04-28 15:58:48,353 - __main__ - INFO - Predicted: False, Input Text: hel
2023-04-28 15:58:48,441 - __main__ - INFO - Predicted: True, Input Text: he
2023-04-28 15:58:48,524 - __main__ - INFO - Predicted: False, Input Text: h
2023-04-28 15:58:48,617 - __main__ - INFO - Predicted: False, Input Text: 
2023-04-28 15:58:56,539 - __main__ - INFO - Predicted: False, Input Text: g
2023-04-28 15:58:56,884 - __main__ - INFO - Predicted: False, Input Text: ga
2023-04-28 15:58:57,233 - __main__ - INFO - Predicted: True, Input Text: gay
2023-04-28 15:58:58,557 - __main__ - INFO - Predicted: False, Input Text: ga
2023-04-28 15:58:58,879 - __main__ - INFO - Predicted: False, Input Text: g
2023-04-28 15:58:59,084 - __main__ - INFO - Predicted: False, Input Text: 
2023-04-28 15:59:05,844 - __main__ - INFO - Predicted: False, Input Text: t
2023-04-28 15:59:06,223 - __main__ - INFO - Predicted: False, Input Text: tr
2023-04-28 15:59:06,629 - __main__ - INFO - Predicted: False, Input Text: tra
2023-04-28 15:59:06,956 - __main__ - INFO - Predicted: False, Input Text: tran
2023-04-28 15:59:08,313 - __main__ - INFO - Predicted: False, Input Text: trans
2023-04-28 15:59:08,728 - __main__ - INFO - Predicted: False, Input Text: transg
2023-04-28 15:59:08,981 - __main__ - INFO - Predicted: False, Input Text: transge
2023-04-28 15:59:09,268 - __main__ - INFO - Predicted: False, Input Text: transgen
2023-04-28 15:59:09,627 - __main__ - INFO - Predicted: False, Input Text: transgend
2023-04-28 15:59:09,840 - __main__ - INFO - Predicted: False, Input Text: transgende
2023-04-28 15:59:10,014 - __main__ - INFO - Predicted: False, Input Text: transgender
2023-04-28 15:59:10,773 - __main__ - INFO - Predicted: False, Input Text: transgender 
2023-04-28 15:59:12,266 - __main__ - INFO - Predicted: False, Input Text: transgender
2023-04-28 15:59:13,187 - __main__ - INFO - Predicted: False, Input Text: transgende
2023-04-28 15:59:13,416 - __main__ - INFO - Predicted: False, Input Text: transgend
2023-04-28 15:59:13,917 - __main__ - INFO - Predicted: False, Input Text: transgen
2023-04-28 15:59:13,999 - __main__ - INFO - Predicted: False, Input Text: transge
2023-04-28 15:59:14,084 - __main__ - INFO - Predicted: False, Input Text: transg
2023-04-28 15:59:14,167 - __main__ - INFO - Predicted: False, Input Text: trans
2023-04-28 15:59:14,249 - __main__ - INFO - Predicted: False, Input Text: tran
2023-04-28 15:59:14,332 - __main__ - INFO - Predicted: False, Input Text: tra
2023-04-28 15:59:14,417 - __main__ - INFO - Predicted: False, Input Text: tr
2023-04-28 15:59:14,499 - __main__ - INFO - Predicted: False, Input Text: t
2023-04-28 15:59:14,586 - __main__ - INFO - Predicted: False, Input Text: 
2023-04-28 15:59:15,538 - __main__ - INFO - Predicted: False, Input Text: t
2023-04-28 15:59:15,694 - __main__ - INFO - Predicted: False, Input Text: tr
2023-04-28 15:59:15,947 - __main__ - INFO - Predicted: False, Input Text: tra
2023-04-28 15:59:16,137 - __main__ - INFO - Predicted: False, Input Text: tran
2023-04-28 15:59:16,284 - __main__ - INFO - Predicted: False, Input Text: trann
2023-04-28 15:59:16,480 - __main__ - INFO - Predicted: True, Input Text: tranny
2023-04-28 15:59:17,568 - __main__ - INFO - Predicted: False, Input Text: trann
2023-04-28 15:59:18,068 - __main__ - INFO - Predicted: False, Input Text: tran
2023-04-28 15:59:18,150 - __main__ - INFO - Predicted: False, Input Text: tra
2023-04-28 15:59:18,234 - __main__ - INFO - Predicted: False, Input Text: tr
2023-04-28 15:59:18,319 - __main__ - INFO - Predicted: False, Input Text: t
2023-04-28 15:59:18,405 - __main__ - INFO - Predicted: False, Input Text: 
2023-04-28 15:59:19,718 - __main__ - INFO - Predicted: False, Input Text: t
2023-04-28 15:59:20,199 - __main__ - INFO - Predicted: False, Input Text: ti
2023-04-28 15:59:20,851 - __main__ - INFO - Predicted: False, Input Text: tim
2023-04-28 15:59:22,213 - __main__ - INFO - Predicted: False, Input Text: time
2023-04-28 15:59:22,402 - __main__ - INFO - Predicted: False, Input Text: timer
2023-04-28 15:59:22,912 - __main__ - INFO - Predicted: False, Input Text: timerk
2023-04-28 15:59:23,181 - __main__ - INFO - Predicted: False, Input Text: timerkh
2023-04-28 15:59:23,580 - __main__ - INFO - Predicted: False, Input Text: timerkha
2023-04-28 15:59:24,140 - __main__ - INFO - Predicted: False, Input Text: timerkhan
2023-04-28 15:59:25,455 - __main__ - INFO - Predicted: False, Input Text: timerkha
2023-04-28 15:59:25,956 - __main__ - INFO - Predicted: False, Input Text: timerkh
2023-04-28 15:59:26,039 - __main__ - INFO - Predicted: False, Input Text: timerk
2023-04-28 15:59:26,124 - __main__ - INFO - Predicted: False, Input Text: timer
2023-04-28 15:59:26,207 - __main__ - INFO - Predicted: False, Input Text: time
2023-04-28 15:59:26,292 - __main__ - INFO - Predicted: False, Input Text: tim
2023-04-28 15:59:26,375 - __main__ - INFO - Predicted: False, Input Text: ti
2023-04-28 15:59:26,459 - __main__ - INFO - Predicted: False, Input Text: t
2023-04-28 15:59:26,546 - __main__ - INFO - Predicted: False, Input Text: 
